# JRE version: OpenJDK Runtime Environment Temurin-21.0.10+7 (21.0.10+7) (build 21.0.10+7-LTS)
# Java VM: OpenJDK 64-Bit Server VM Temurin-21.0.10+7 (21.0.10+7-LTS, mixed mode, sharing, tiered, compressed oops, compressed class ptrs, parallel gc, windows-amd64)
GC Precious Log:
 CardTable entry size: 512
 CPUs: 4 total, 4 available
 Memory: 4003M
 Large Page Support: Disabled
 NUMA Support: Disabled
 Compressed Oops: Enabled (32-bit)
 Alignments: Space 512K, Generation 512K, Heap 2M
 Heap Min Capacity: 100M
 Heap Initial Capacity: 100M
 Heap Max Capacity: 2G
 Pre-touch: Disabled
 Parallel Workers: 4
Heap:
 PSYoungGen      total 20480K, used 14711K [0x00000000d5580000, 0x00000000d6b80000, 0x0000000100000000)
  eden space 18432K, 70% used [0x00000000d5580000,0x00000000d623df30,0x00000000d6780000)
  from space 2048K, 81% used [0x00000000d6780000,0x00000000d6920000,0x00000000d6980000)
  to   space 2048K, 0% used [0x00000000d6980000,0x00000000d6980000,0x00000000d6b80000)
 ParOldGen       total 68608K, used 53948K [0x0000000080000000, 0x0000000084300000, 0x00000000d5580000)
  object space 68608K, 78% used [0x0000000080000000,0x00000000834af198,0x0000000084300000)
 Metaspace       used 62107K, committed 63680K, reserved 1114112K
  class space    used 7349K, committed 8064K, reserved 1048576K
GC Heap History (20 events):
Event: 233.508 GC heap before
{Heap before GC invocations=35 (full 3):
 PSYoungGen      total 21504K, used 20064K [0x00000000d5580000, 0x00000000d6f00000, 0x0000000100000000)
  eden space 19456K, 100% used [0x00000000d5580000,0x00000000d6880000,0x00000000d6880000)
  from space 2048K, 29% used [0x00000000d6b00000,0x00000000d6b98000,0x00000000d6d00000)
  to   space 1536K, 0% used [0x00000000d6d80000,0x00000000d6d80000,0x00000000d6f00000)
 ParOldGen       total 68608K, used 40978K [0x0000000080000000, 0x0000000084300000, 0x00000000d5580000)
  object space 68608K, 59% used [0x0000000080000000,0x0000000082804bc8,0x0000000084300000)
 Metaspace       used 58533K, committed 59968K, reserved 1114112K
  class space    used 7005K, committed 7680K, reserved 1048576K
}
Event: 233.511 GC heap after
{Heap after GC invocations=35 (full 3):
 PSYoungGen      total 19968K, used 128K [0x00000000d5580000, 0x00000000d6e00000, 0x0000000100000000)
  eden space 19456K, 0% used [0x00000000d5580000,0x00000000d5580000,0x00000000d6880000)
  from space 512K, 25% used [0x00000000d6d80000,0x00000000d6da0000,0x00000000d6e00000)
  to   space 512K, 0% used [0x00000000d6d00000,0x00000000d6d00000,0x00000000d6d80000)
 ParOldGen       total 68608K, used 41546K [0x0000000080000000, 0x0000000084300000, 0x00000000d5580000)
  object space 68608K, 60% used [0x0000000080000000,0x0000000082892bd8,0x0000000084300000)
 Metaspace       used 58533K, committed 59968K, reserved 1114112K
  class space    used 7005K, committed 7680K, reserved 1048576K
}
Event: 234.829 GC heap before
{Heap before GC invocations=36 (full 3):
 PSYoungGen      total 19968K, used 19584K [0x00000000d5580000, 0x00000000d6e00000, 0x0000000100000000)
  eden space 19456K, 100% used [0x00000000d5580000,0x00000000d6880000,0x00000000d6880000)
  from space 512K, 25% used [0x00000000d6d80000,0x00000000d6da0000,0x00000000d6e00000)
  to   space 512K, 0% used [0x00000000d6d00000,0x00000000d6d00000,0x00000000d6d80000)
 ParOldGen       total 68608K, used 41546K [0x0000000080000000, 0x0000000084300000, 0x00000000d5580000)
  object space 68608K, 60% used [0x0000000080000000,0x0000000082892bd8,0x0000000084300000)
 Metaspace       used 59341K, committed 60800K, reserved 1114112K
  class space    used 7093K, committed 7744K, reserved 1048576K
}
Event: 234.834 GC heap after
{Heap after GC invocations=36 (full 3):
 PSYoungGen      total 19968K, used 312K [0x00000000d5580000, 0x00000000d6e00000, 0x0000000100000000)
  eden space 19456K, 0% used [0x00000000d5580000,0x00000000d5580000,0x00000000d6880000)
  from space 512K, 61% used [0x00000000d6d00000,0x00000000d6d4e1a8,0x00000000d6d80000)
  to   space 512K, 0% used [0x00000000d6d80000,0x00000000d6d80000,0x00000000d6e00000)
 ParOldGen       total 68608K, used 41578K [0x0000000080000000, 0x0000000084300000, 0x00000000d5580000)
  object space 68608K, 60% used [0x0000000080000000,0x000000008289abd8,0x0000000084300000)
 Metaspace       used 59341K, committed 60800K, reserved 1114112K
  class space    used 7093K, committed 7744K, reserved 1048576K
}
Event: 237.513 GC heap before
{Heap before GC invocations=37 (full 3):
 PSYoungGen      total 19968K, used 19768K [0x00000000d5580000, 0x00000000d6e00000, 0x0000000100000000)
  eden space 19456K, 100% used [0x00000000d5580000,0x00000000d6880000,0x00000000d6880000)
  from space 512K, 61% used [0x00000000d6d00000,0x00000000d6d4e1a8,0x00000000d6d80000)
  to   space 512K, 0% used [0x00000000d6d80000,0x00000000d6d80000,0x00000000d6e00000)
 ParOldGen       total 68608K, used 41578K [0x0000000080000000, 0x0000000084300000, 0x00000000d5580000)
  object space 68608K, 60% used [0x0000000080000000,0x000000008289abd8,0x0000000084300000)
 Metaspace       used 60547K, committed 62080K, reserved 1114112K
  class space    used 7206K, committed 7936K, reserved 1048576K
}
Event: 237.529 GC heap after
{Heap after GC invocations=37 (full 3):
 PSYoungGen      total 19968K, used 480K [0x00000000d5580000, 0x00000000d6e00000, 0x0000000100000000)
  eden space 19456K, 0% used [0x00000000d5580000,0x00000000d5580000,0x00000000d6880000)
  from space 512K, 93% used [0x00000000d6d80000,0x00000000d6df8030,0x00000000d6e00000)
  to   space 2560K, 0% used [0x00000000d6900000,0x00000000d6900000,0x00000000d6b80000)
 ParOldGen       total 68608K, used 42962K [0x0000000080000000, 0x0000000084300000, 0x00000000d5580000)
  object space 68608K, 62% used [0x0000000080000000,0x00000000829f4800,0x0000000084300000)
 Metaspace       used 60547K, committed 62080K, reserved 1114112K
  class space    used 7206K, committed 7936K, reserved 1048576K
}
Event: 238.102 GC heap before
{Heap before GC invocations=38 (full 3):
 PSYoungGen      total 19968K, used 19936K [0x00000000d5580000, 0x00000000d6e00000, 0x0000000100000000)
  eden space 19456K, 100% used [0x00000000d5580000,0x00000000d6880000,0x00000000d6880000)
  from space 512K, 93% used [0x00000000d6d80000,0x00000000d6df8030,0x00000000d6e00000)
  to   space 2560K, 0% used [0x00000000d6900000,0x00000000d6900000,0x00000000d6b80000)
 ParOldGen       total 68608K, used 42962K [0x0000000080000000, 0x0000000084300000, 0x00000000d5580000)
  object space 68608K, 62% used [0x0000000080000000,0x00000000829f4800,0x0000000084300000)
 Metaspace       used 60550K, committed 62080K, reserved 1114112K
  class space    used 7206K, committed 7936K, reserved 1048576K
}
Event: 238.117 GC heap after
{Heap after GC invocations=38 (full 3):
 PSYoungGen      total 22016K, used 1824K [0x00000000d5580000, 0x00000000d6e00000, 0x0000000100000000)
  eden space 19456K, 0% used [0x00000000d5580000,0x00000000d5580000,0x00000000d6880000)
  from space 2560K, 71% used [0x00000000d6900000,0x00000000d6ac8010,0x00000000d6b80000)
  to   space 2048K, 0% used [0x00000000d6c00000,0x00000000d6c00000,0x00000000d6e00000)
 ParOldGen       total 68608K, used 43438K [0x0000000080000000, 0x0000000084300000, 0x00000000d5580000)
  object space 68608K, 63% used [0x0000000080000000,0x0000000082a6bad0,0x0000000084300000)
 Metaspace       used 60550K, committed 62080K, reserved 1114112K
  class space    used 7206K, committed 7936K, reserved 1048576K
}
Event: 239.022 GC heap before
{Heap before GC invocations=39 (full 3):
 PSYoungGen      total 22016K, used 21280K [0x00000000d5580000, 0x00000000d6e00000, 0x0000000100000000)
  eden space 19456K, 100% used [0x00000000d5580000,0x00000000d6880000,0x00000000d6880000)
  from space 2560K, 71% used [0x00000000d6900000,0x00000000d6ac8010,0x00000000d6b80000)
  to   space 2048K, 0% used [0x00000000d6c00000,0x00000000d6c00000,0x00000000d6e00000)
 ParOldGen       total 68608K, used 43438K [0x0000000080000000, 0x0000000084300000, 0x00000000d5580000)
  object space 68608K, 63% used [0x0000000080000000,0x0000000082a6bad0,0x0000000084300000)
 Metaspace       used 60941K, committed 62528K, reserved 1114112K
  class space    used 7264K, committed 8000K, reserved 1048576K
}
Event: 239.030 GC heap after
{Heap after GC invocations=39 (full 3):
 PSYoungGen      total 20480K, used 2018K [0x00000000d5580000, 0x00000000d7180000, 0x0000000100000000)
  eden space 18432K, 0% used [0x00000000d5580000,0x00000000d5580000,0x00000000d6780000)
  from space 2048K, 98% used [0x00000000d6c00000,0x00000000d6df8840,0x00000000d6e00000)
  to   space 4608K, 0% used [0x00000000d6780000,0x00000000d6780000,0x00000000d6c00000)
 ParOldGen       total 68608K, used 45278K [0x0000000080000000, 0x0000000084300000, 0x00000000d5580000)
  object space 68608K, 65% used [0x0000000080000000,0x0000000082c37ad0,0x0000000084300000)
 Metaspace       used 60941K, committed 62528K, reserved 1114112K
  class space    used 7264K, committed 8000K, reserved 1048576K
}
Event: 239.672 GC heap before
{Heap before GC invocations=40 (full 3):
 PSYoungGen      total 20480K, used 20450K [0x00000000d5580000, 0x00000000d7180000, 0x0000000100000000)
  eden space 18432K, 100% used [0x00000000d5580000,0x00000000d6780000,0x00000000d6780000)
  from space 2048K, 98% used [0x00000000d6c00000,0x00000000d6df8840,0x00000000d6e00000)
  to   space 4608K, 0% used [0x00000000d6780000,0x00000000d6780000,0x00000000d6c00000)
 ParOldGen       total 68608K, used 45278K [0x0000000080000000, 0x0000000084300000, 0x00000000d5580000)
  object space 68608K, 65% used [0x0000000080000000,0x0000000082c37ad0,0x0000000084300000)
 Metaspace       used 60960K, committed 62528K, reserved 1114112K
  class space    used 7264K, committed 8000K, reserved 1048576K
}
Event: 239.699 GC heap after
{Heap after GC invocations=40 (full 3):
 PSYoungGen      total 20480K, used 1856K [0x00000000d5580000, 0x00000000d6d80000, 0x0000000100000000)
  eden space 18432K, 0% used [0x00000000d5580000,0x00000000d5580000,0x00000000d6780000)
  from space 2048K, 90% used [0x00000000d6780000,0x00000000d6950000,0x00000000d6980000)
  to   space 3072K, 0% used [0x00000000d6a80000,0x00000000d6a80000,0x00000000d6d80000)
 ParOldGen       total 68608K, used 47233K [0x0000000080000000, 0x0000000084300000, 0x00000000d5580000)
  object space 68608K, 68% used [0x0000000080000000,0x0000000082e20610,0x0000000084300000)
 Metaspace       used 60960K, committed 62528K, reserved 1114112K
  class space    used 7264K, committed 8000K, reserved 1048576K
}
Event: 239.836 GC heap before
{Heap before GC invocations=41 (full 3):
 PSYoungGen      total 20480K, used 20288K [0x00000000d5580000, 0x00000000d6d80000, 0x0000000100000000)
  eden space 18432K, 100% used [0x00000000d5580000,0x00000000d6780000,0x00000000d6780000)
  from space 2048K, 90% used [0x00000000d6780000,0x00000000d6950000,0x00000000d6980000)
  to   space 3072K, 0% used [0x00000000d6a80000,0x00000000d6a80000,0x00000000d6d80000)
 ParOldGen       total 68608K, used 47233K [0x0000000080000000, 0x0000000084300000, 0x00000000d5580000)
  object space 68608K, 68% used [0x0000000080000000,0x0000000082e20610,0x0000000084300000)
 Metaspace       used 60970K, committed 62528K, reserved 1114112K
  class space    used 7265K, committed 8000K, reserved 1048576K
}
Event: 239.849 GC heap after
{Heap after GC invocations=41 (full 3):
 PSYoungGen      total 20480K, used 1700K [0x00000000d5580000, 0x00000000d6c80000, 0x0000000100000000)
  eden space 18432K, 0% used [0x00000000d5580000,0x00000000d5580000,0x00000000d6780000)
  from space 2048K, 83% used [0x00000000d6a80000,0x00000000d6c29000,0x00000000d6c80000)
  to   space 2048K, 0% used [0x00000000d6780000,0x00000000d6780000,0x00000000d6980000)
 ParOldGen       total 68608K, used 49014K [0x0000000080000000, 0x0000000084300000, 0x00000000d5580000)
  object space 68608K, 71% used [0x0000000080000000,0x0000000082fdd970,0x0000000084300000)
 Metaspace       used 60970K, committed 62528K, reserved 1114112K
  class space    used 7265K, committed 8000K, reserved 1048576K
}
Event: 240.414 GC heap before
{Heap before GC invocations=42 (full 3):
 PSYoungGen      total 20480K, used 20132K [0x00000000d5580000, 0x00000000d6c80000, 0x0000000100000000)
  eden space 18432K, 100% used [0x00000000d5580000,0x00000000d6780000,0x00000000d6780000)
  from space 2048K, 83% used [0x00000000d6a80000,0x00000000d6c29000,0x00000000d6c80000)
  to   space 2048K, 0% used [0x00000000d6780000,0x00000000d6780000,0x00000000d6980000)
 ParOldGen       total 68608K, used 49014K [0x0000000080000000, 0x0000000084300000, 0x00000000d5580000)
  object space 68608K, 71% used [0x0000000080000000,0x0000000082fdd970,0x0000000084300000)
 Metaspace       used 60997K, committed 62592K, reserved 1114112K
  class space    used 7267K, committed 8000K, reserved 1048576K
}
Event: 240.424 GC heap after
{Heap after GC invocations=42 (full 3):
 PSYoungGen      total 20480K, used 1600K [0x00000000d5580000, 0x00000000d6b80000, 0x0000000100000000)
  eden space 18432K, 0% used [0x00000000d5580000,0x00000000d5580000,0x00000000d6780000)
  from space 2048K, 78% used [0x00000000d6780000,0x00000000d6910000,0x00000000d6980000)
  to   space 2048K, 0% used [0x00000000d6980000,0x00000000d6980000,0x00000000d6b80000)
 ParOldGen       total 68608K, used 50652K [0x0000000080000000, 0x0000000084300000, 0x00000000d5580000)
  object space 68608K, 73% used [0x0000000080000000,0x0000000083177188,0x0000000084300000)
 Metaspace       used 60997K, committed 62592K, reserved 1114112K
  class space    used 7267K, committed 8000K, reserved 1048576K
}
Event: 241.083 GC heap before
{Heap before GC invocations=43 (full 3):
 PSYoungGen      total 20480K, used 20032K [0x00000000d5580000, 0x00000000d6b80000, 0x0000000100000000)
  eden space 18432K, 100% used [0x00000000d5580000,0x00000000d6780000,0x00000000d6780000)
  from space 2048K, 78% used [0x00000000d6780000,0x00000000d6910000,0x00000000d6980000)
  to   space 2048K, 0% used [0x00000000d6980000,0x00000000d6980000,0x00000000d6b80000)
 ParOldGen       total 68608K, used 50652K [0x0000000080000000, 0x0000000084300000, 0x00000000d5580000)
  object space 68608K, 73% used [0x0000000080000000,0x0000000083177188,0x0000000084300000)
 Metaspace       used 61053K, committed 62592K, reserved 1114112K
  class space    used 7268K, committed 8000K, reserved 1048576K
}
Event: 241.089 GC heap after
{Heap after GC invocations=43 (full 3):
 PSYoungGen      total 20480K, used 1792K [0x00000000d5580000, 0x00000000d6b80000, 0x0000000100000000)
  eden space 18432K, 0% used [0x00000000d5580000,0x00000000d5580000,0x00000000d6780000)
  from space 2048K, 87% used [0x00000000d6980000,0x00000000d6b40010,0x00000000d6b80000)
  to   space 2048K, 0% used [0x00000000d6780000,0x00000000d6780000,0x00000000d6980000)
 ParOldGen       total 68608K, used 52204K [0x0000000080000000, 0x0000000084300000, 0x00000000d5580000)
  object space 68608K, 76% used [0x0000000080000000,0x00000000832fb188,0x0000000084300000)
 Metaspace       used 61053K, committed 62592K, reserved 1114112K
  class space    used 7268K, committed 8000K, reserved 1048576K
}
Event: 241.469 GC heap before
{Heap before GC invocations=44 (full 3):
 PSYoungGen      total 20480K, used 20224K [0x00000000d5580000, 0x00000000d6b80000, 0x0000000100000000)
  eden space 18432K, 100% used [0x00000000d5580000,0x00000000d6780000,0x00000000d6780000)
  from space 2048K, 87% used [0x00000000d6980000,0x00000000d6b40010,0x00000000d6b80000)
  to   space 2048K, 0% used [0x00000000d6780000,0x00000000d6780000,0x00000000d6980000)
 ParOldGen       total 68608K, used 52204K [0x0000000080000000, 0x0000000084300000, 0x00000000d5580000)
  object space 68608K, 76% used [0x0000000080000000,0x00000000832fb188,0x0000000084300000)
 Metaspace       used 61159K, committed 62720K, reserved 1114112K
  class space    used 7269K, committed 8000K, reserved 1048576K
}
Event: 241.476 GC heap after
{Heap after GC invocations=44 (full 3):
 PSYoungGen      total 20480K, used 1664K [0x00000000d5580000, 0x00000000d6b80000, 0x0000000100000000)
  eden space 18432K, 0% used [0x00000000d5580000,0x00000000d5580000,0x00000000d6780000)
  from space 2048K, 81% used [0x00000000d6780000,0x00000000d6920000,0x00000000d6980000)
  to   space 2048K, 0% used [0x00000000d6980000,0x00000000d6980000,0x00000000d6b80000)
 ParOldGen       total 68608K, used 53948K [0x0000000080000000, 0x0000000084300000, 0x00000000d5580000)
  object space 68608K, 78% used [0x0000000080000000,0x00000000834af198,0x0000000084300000)
 Metaspace       used 61159K, committed 62720K, reserved 1114112K
  class space    used 7269K, committed 8000K, reserved 1048576K
}

